[2019-07-15T19:54:13.173] [INFO] info - -----------------------------------[服务器已开启。端口号为:3000]-------------------------------------------
[2019-07-15T19:54:15.772] [INFO] info - 请求接口：[/weibohotList/dbList]  sql：[select * from crawlings order by createtimestring DESC limit 10]
[2019-07-15T19:54:16.026] [INFO] info - 返回数据集：[{"id":18756,"url":"https://weibo.com/ttarticle/p/show?id=2309404392562591924488","title":"NBA名宿：杜兰特不伤，勇士本该篮彩三连冠，下赛季湖人九州天下冠军","titleurl":"https://weibo.com/ttarticle/p/show?id=2309404392562591924488","picurl":null,"iconurl":"https://tvax4.sinaimg.cn/crop.0.23.366.366.50/b5faa770ly8g3a6lrngdnj20a60auglv.jpg?Expires=1562934619&ssig=nOHu6vYdHI&KID=imgbed,tva","icontitle":"九州BET8_撩球妹秋儿","time":"7月10日 17:46","createtime":"2019-07-12T11:31:10.000Z","createtimestring":"1562931070193"},{"id":18753,"url":"https://weibo.com/ttarticle/p/show?id=2309404392564080902150","title":"日语中的初级形容词一览","titleurl":"https://weibo.com/ttarticle/p/show?id=2309404392564080902150","picurl":"https://wx4.sinaimg.cn/crop.90.0.540.405.240/69c86feegy1g4uw4asb37j20k00b94ar.jpg","iconurl":"https://tva2.sinaimg.cn/crop.0.0.180.180.50/69c86feejw1e8qgp5bmzyj2050050aa8.jpg?Expires=1562934619&ssig=675uc2UAVs&KID=imgbed,tva","icontitle":"坚持每天学日语","time":"7月10日 17:52","createtime":"2019-07-12T11:31:10.000Z","createtimestring":"1562931070191"},{"id":18755,"url":"https://weibo.com/ttarticle/p/show?id=2309404392631437230129","title":"寻找心灵的依怙","titleurl":"https://weibo.com/ttarticle/p/show?id=2309404392631437230129","picurl":"https://wx3.sinaimg.cn/crop.125.0.749.562.240/835578d9ly1g4v3j0rj0uj20rs0fmqn4.jpg","iconurl":"https://tva1.sinaimg.cn/crop.0.0.180.180.50/835578d9jw1e8qgp5bmzyj2050050aa8.jpg?Expires=1562934619&ssig=GrVPnFvC11&KID=imgbed,tva","icontitle":"如瑞法师","time":"7月10日 22:20","createtime":"2019-07-12T11:31:10.000Z","createtimestring":"1562931070188"},{"id":18754,"url":"https://weibo.com/ttarticle/p/show?id=2309404392595240386794","title":"孙力军在全国公安机关创建“枫桥式公安派出所”活动推进会上强调","titleurl":"https://weibo.com/ttarticle/p/show?id=2309404392595240386794","picurl":"https://wx2.sinaimg.cn/crop.108.0.864.648.240/8aca58f7ly1g4uzpff75nj20u00i0dia.jpg","iconurl":"https://tvax4.sinaimg.cn/crop.24.27.949.949.50/8aca58f7ly8fyvqu56lh4j20rs0runha.jpg?Expires=1562934619&ssig=PTpjo%2FjINd&KID=imgbed,tva","icontitle":"中国警方在线","time":"7月10日 19:56","createtime":"2019-07-12T11:31:10.000Z","createtimestring":"1562931070186"},{"id":18750,"url":"https://weibo.com/ttarticle/p/show?id=2309404392686785265675","title":"揭秘唐卡背后的秘密与禁忌：你为什么要迎请佛像唐卡？","titleurl":"https://weibo.com/ttarticle/p/show?id=2309404392686785265675","picurl":"https://wx3.sinaimg.cn/crop.0.143.1080.810.240/005B4oenly1g4uuocwjvjj30u013se83.jpg","iconurl":"https://tvax3.sinaimg.cn/crop.0.0.200.200.50/005B4oenly1fcd1uhfbspj305m05lwf2.jpg?Expires=1562934619&ssig=iQj3nCbYtL&KID=imgbed,tva","icontitle":"净壹1970","time":"7月11日 02:00","createtime":"2019-07-12T11:31:10.000Z","createtimestring":"1562931070184"},{"id":18749,"url":"https://weibo.com/ttarticle/p/show?id=2309404392634457129350","title":"同筑和平共襄盛会——第七届世界军人运动会倒计时100天","titleurl":"https://weibo.com/ttarticle/p/show?id=2309404392634457129350","picurl":"https://wx2.sinaimg.cn/crop.64.0.621.466.240/654b47daly4g4v3f1q2mdj20ku0cyach.jpg","iconurl":"https://tvax1.sinaimg.cn/crop.31.79.938.938.50/654b47daly8fmhwp1ajjbj20sa0sajw0.jpg?Expires=1562934619&ssig=GjNm8BUEE0&KID=imgbed,tva","icontitle":"新华视点","time":"7月10日 22:32","createtime":"2019-07-12T11:31:10.000Z","createtimestring":"1562931070182"},{"id":18752,"url":"https://weibo.com/ttarticle/p/show?id=2309404392665222348863","title":"来华留学生奖金覆盖率研究","titleurl":"https://weibo.com/ttarticle/p/show?id=2309404392665222348863","picurl":"https://wx2.sinaimg.cn/crop.0.1636.872.654.240/007BJDApgy1g4v7q9mn3tj30o8cmo7wq.jpg","iconurl":"https://tvax4.sinaimg.cn/crop.0.0.1002.1002.50/007BJDAply8g4rqyfj1ekj30ru0ruq4w.jpg?Expires=1562934619&ssig=0zBULi8bK2&KID=imgbed,tva","icontitle":"素食主义l","time":"7月11日 00:34","createtime":"2019-07-12T11:31:10.000Z","createtimestring":"1562931070181"},{"id":18751,"url":"https://weibo.com/ttarticle/p/show?id=2309404392598696493241","title":"中美俄展开物联网卫星系统竞争俄媒：中国正迅速追赶西方先驱","titleurl":"https://weibo.com/ttarticle/p/show?id=2309404392598696493241","picurl":"https://wx3.sinaimg.cn/crop.62.0.376.282.240/8d90f0bbly1g4uuucnv1jj20dx07uwlk.jpg","iconurl":"https://tva3.sinaimg.cn/crop.0.0.1022.1022.50/8d90f0bbjw1ev7oijumy4j20sg0sg0v6.jpg?Expires=1562934619&ssig=0fAgT4HA5T&KID=imgbed,tva","icontitle":"参考消息","time":"7月10日 20:10","createtime":"2019-07-12T11:31:10.000Z","createtimestring":"1562931070178"},{"id":18746,"url":"https://weibo.com/ttarticle/p/show?id=2309404392879312207942","title":"制售假团伙被罚270万阿里联手警方挖出特大假康宝莱生产链","titleurl":"https://weibo.com/ttarticle/p/show?id=2309404392879312207942","picurl":"https://wx1.sinaimg.cn/crop.0.0.640.480.240/7229b74aly4g4vvso4ne6j20hs0dcjsk.jpg","iconurl":"https://tvax3.sinaimg.cn/crop.18.0.1205.1205.50/7229b74aly8fmg35ovcnaj20yi0xhjsc.jpg?Expires=1562933720&ssig=NBJtcuncoG&KID=imgbed,tva","icontitle":"阿里安全","time":"7月11日 14:45","createtime":"2019-07-12T11:30:10.000Z","createtimestring":"1562931010203"},{"id":18748,"url":"https://weibo.com/ttarticle/p/show?id=2309404392883871416322","title":"我们需要什么样的好老师？","titleurl":"https://weibo.com/ttarticle/p/show?id=2309404392883871416322","picurl":"https://wx2.sinaimg.cn/crop.72.0.576.432.240/006yjp0ely1g4vxb6l2ikj30k00c00u5.jpg","iconurl":"https://tvax3.sinaimg.cn/crop.0.0.996.996.50/006yjp0ely8ft762ypeoqj30ro0romym.jpg?Expires=1562933720&ssig=7etUBHB9B%2F&KID=imgbed,tva","icontitle":"沧州李老板","time":"7月11日 15:03","createtime":"2019-07-12T11:30:10.000Z","createtimestring":"1562931010201"}]
[2019-07-15T19:54:16.040] [INFO] info - 请求接口：[/weibohotList/dbListSum]  sql：[select count(*) as sum from crawlings]
[2019-07-15T19:54:16.081] [INFO] info - 返回数据集：[{"sum":10547}]
[2019-07-15T19:54:25.658] [INFO] info - 传入的参数：url=[https://weibo.com/ttarticle/p/show?id=2309404392562591924488]  请求接口：[/weibohotDetails/loadhtml]  sql：[select  * from details where url = "https://weibo.com/ttarticle/p/show?id=2309404392562591924488" LIMIT 1]
[2019-07-15T19:54:36.914] [INFO] info - 传入的参数：url=[https://weibo.com/ttarticle/p/show?id=2309404392686785265675]  请求接口：[/weibohotDetails/loadhtml]  sql：[select  * from details where url = "https://weibo.com/ttarticle/p/show?id=2309404392686785265675" LIMIT 1]
[2019-07-15T19:54:52.873] [INFO] info - 请求接口：[/weibohotList/dbList]  sql：[select * from crawlings order by createtimestring DESC limit 10]
[2019-07-15T19:54:52.918] [INFO] info - 返回数据集：[{"id":18756,"url":"https://weibo.com/ttarticle/p/show?id=2309404392562591924488","title":"NBA名宿：杜兰特不伤，勇士本该篮彩三连冠，下赛季湖人九州天下冠军","titleurl":"https://weibo.com/ttarticle/p/show?id=2309404392562591924488","picurl":null,"iconurl":"https://tvax4.sinaimg.cn/crop.0.23.366.366.50/b5faa770ly8g3a6lrngdnj20a60auglv.jpg?Expires=1562934619&ssig=nOHu6vYdHI&KID=imgbed,tva","icontitle":"九州BET8_撩球妹秋儿","time":"7月10日 17:46","createtime":"2019-07-12T11:31:10.000Z","createtimestring":"1562931070193"},{"id":18753,"url":"https://weibo.com/ttarticle/p/show?id=2309404392564080902150","title":"日语中的初级形容词一览","titleurl":"https://weibo.com/ttarticle/p/show?id=2309404392564080902150","picurl":"https://wx4.sinaimg.cn/crop.90.0.540.405.240/69c86feegy1g4uw4asb37j20k00b94ar.jpg","iconurl":"https://tva2.sinaimg.cn/crop.0.0.180.180.50/69c86feejw1e8qgp5bmzyj2050050aa8.jpg?Expires=1562934619&ssig=675uc2UAVs&KID=imgbed,tva","icontitle":"坚持每天学日语","time":"7月10日 17:52","createtime":"2019-07-12T11:31:10.000Z","createtimestring":"1562931070191"},{"id":18755,"url":"https://weibo.com/ttarticle/p/show?id=2309404392631437230129","title":"寻找心灵的依怙","titleurl":"https://weibo.com/ttarticle/p/show?id=2309404392631437230129","picurl":"https://wx3.sinaimg.cn/crop.125.0.749.562.240/835578d9ly1g4v3j0rj0uj20rs0fmqn4.jpg","iconurl":"https://tva1.sinaimg.cn/crop.0.0.180.180.50/835578d9jw1e8qgp5bmzyj2050050aa8.jpg?Expires=1562934619&ssig=GrVPnFvC11&KID=imgbed,tva","icontitle":"如瑞法师","time":"7月10日 22:20","createtime":"2019-07-12T11:31:10.000Z","createtimestring":"1562931070188"},{"id":18754,"url":"https://weibo.com/ttarticle/p/show?id=2309404392595240386794","title":"孙力军在全国公安机关创建“枫桥式公安派出所”活动推进会上强调","titleurl":"https://weibo.com/ttarticle/p/show?id=2309404392595240386794","picurl":"https://wx2.sinaimg.cn/crop.108.0.864.648.240/8aca58f7ly1g4uzpff75nj20u00i0dia.jpg","iconurl":"https://tvax4.sinaimg.cn/crop.24.27.949.949.50/8aca58f7ly8fyvqu56lh4j20rs0runha.jpg?Expires=1562934619&ssig=PTpjo%2FjINd&KID=imgbed,tva","icontitle":"中国警方在线","time":"7月10日 19:56","createtime":"2019-07-12T11:31:10.000Z","createtimestring":"1562931070186"},{"id":18750,"url":"https://weibo.com/ttarticle/p/show?id=2309404392686785265675","title":"揭秘唐卡背后的秘密与禁忌：你为什么要迎请佛像唐卡？","titleurl":"https://weibo.com/ttarticle/p/show?id=2309404392686785265675","picurl":"https://wx3.sinaimg.cn/crop.0.143.1080.810.240/005B4oenly1g4uuocwjvjj30u013se83.jpg","iconurl":"https://tvax3.sinaimg.cn/crop.0.0.200.200.50/005B4oenly1fcd1uhfbspj305m05lwf2.jpg?Expires=1562934619&ssig=iQj3nCbYtL&KID=imgbed,tva","icontitle":"净壹1970","time":"7月11日 02:00","createtime":"2019-07-12T11:31:10.000Z","createtimestring":"1562931070184"},{"id":18749,"url":"https://weibo.com/ttarticle/p/show?id=2309404392634457129350","title":"同筑和平共襄盛会——第七届世界军人运动会倒计时100天","titleurl":"https://weibo.com/ttarticle/p/show?id=2309404392634457129350","picurl":"https://wx2.sinaimg.cn/crop.64.0.621.466.240/654b47daly4g4v3f1q2mdj20ku0cyach.jpg","iconurl":"https://tvax1.sinaimg.cn/crop.31.79.938.938.50/654b47daly8fmhwp1ajjbj20sa0sajw0.jpg?Expires=1562934619&ssig=GjNm8BUEE0&KID=imgbed,tva","icontitle":"新华视点","time":"7月10日 22:32","createtime":"2019-07-12T11:31:10.000Z","createtimestring":"1562931070182"},{"id":18752,"url":"https://weibo.com/ttarticle/p/show?id=2309404392665222348863","title":"来华留学生奖金覆盖率研究","titleurl":"https://weibo.com/ttarticle/p/show?id=2309404392665222348863","picurl":"https://wx2.sinaimg.cn/crop.0.1636.872.654.240/007BJDApgy1g4v7q9mn3tj30o8cmo7wq.jpg","iconurl":"https://tvax4.sinaimg.cn/crop.0.0.1002.1002.50/007BJDAply8g4rqyfj1ekj30ru0ruq4w.jpg?Expires=1562934619&ssig=0zBULi8bK2&KID=imgbed,tva","icontitle":"素食主义l","time":"7月11日 00:34","createtime":"2019-07-12T11:31:10.000Z","createtimestring":"1562931070181"},{"id":18751,"url":"https://weibo.com/ttarticle/p/show?id=2309404392598696493241","title":"中美俄展开物联网卫星系统竞争俄媒：中国正迅速追赶西方先驱","titleurl":"https://weibo.com/ttarticle/p/show?id=2309404392598696493241","picurl":"https://wx3.sinaimg.cn/crop.62.0.376.282.240/8d90f0bbly1g4uuucnv1jj20dx07uwlk.jpg","iconurl":"https://tva3.sinaimg.cn/crop.0.0.1022.1022.50/8d90f0bbjw1ev7oijumy4j20sg0sg0v6.jpg?Expires=1562934619&ssig=0fAgT4HA5T&KID=imgbed,tva","icontitle":"参考消息","time":"7月10日 20:10","createtime":"2019-07-12T11:31:10.000Z","createtimestring":"1562931070178"},{"id":18746,"url":"https://weibo.com/ttarticle/p/show?id=2309404392879312207942","title":"制售假团伙被罚270万阿里联手警方挖出特大假康宝莱生产链","titleurl":"https://weibo.com/ttarticle/p/show?id=2309404392879312207942","picurl":"https://wx1.sinaimg.cn/crop.0.0.640.480.240/7229b74aly4g4vvso4ne6j20hs0dcjsk.jpg","iconurl":"https://tvax3.sinaimg.cn/crop.18.0.1205.1205.50/7229b74aly8fmg35ovcnaj20yi0xhjsc.jpg?Expires=1562933720&ssig=NBJtcuncoG&KID=imgbed,tva","icontitle":"阿里安全","time":"7月11日 14:45","createtime":"2019-07-12T11:30:10.000Z","createtimestring":"1562931010203"},{"id":18748,"url":"https://weibo.com/ttarticle/p/show?id=2309404392883871416322","title":"我们需要什么样的好老师？","titleurl":"https://weibo.com/ttarticle/p/show?id=2309404392883871416322","picurl":"https://wx2.sinaimg.cn/crop.72.0.576.432.240/006yjp0ely1g4vxb6l2ikj30k00c00u5.jpg","iconurl":"https://tvax3.sinaimg.cn/crop.0.0.996.996.50/006yjp0ely8ft762ypeoqj30ro0romym.jpg?Expires=1562933720&ssig=7etUBHB9B%2F&KID=imgbed,tva","icontitle":"沧州李老板","time":"7月11日 15:03","createtime":"2019-07-12T11:30:10.000Z","createtimestring":"1562931010201"}]
[2019-07-15T19:54:52.940] [INFO] info - 请求接口：[/weibohotList/dbListSum]  sql：[select count(*) as sum from crawlings]
[2019-07-15T19:54:52.976] [INFO] info - 返回数据集：[{"sum":10547}]
[2019-07-15T19:54:58.503] [INFO] info - 请求接口：[/weibohotList/dbList]  sql：[select * from crawlings order by createtimestring DESC limit 10]
[2019-07-15T19:54:58.561] [INFO] info - 返回数据集：[{"id":18756,"url":"https://weibo.com/ttarticle/p/show?id=2309404392562591924488","title":"NBA名宿：杜兰特不伤，勇士本该篮彩三连冠，下赛季湖人九州天下冠军","titleurl":"https://weibo.com/ttarticle/p/show?id=2309404392562591924488","picurl":null,"iconurl":"https://tvax4.sinaimg.cn/crop.0.23.366.366.50/b5faa770ly8g3a6lrngdnj20a60auglv.jpg?Expires=1562934619&ssig=nOHu6vYdHI&KID=imgbed,tva","icontitle":"九州BET8_撩球妹秋儿","time":"7月10日 17:46","createtime":"2019-07-12T11:31:10.000Z","createtimestring":"1562931070193"},{"id":18753,"url":"https://weibo.com/ttarticle/p/show?id=2309404392564080902150","title":"日语中的初级形容词一览","titleurl":"https://weibo.com/ttarticle/p/show?id=2309404392564080902150","picurl":"https://wx4.sinaimg.cn/crop.90.0.540.405.240/69c86feegy1g4uw4asb37j20k00b94ar.jpg","iconurl":"https://tva2.sinaimg.cn/crop.0.0.180.180.50/69c86feejw1e8qgp5bmzyj2050050aa8.jpg?Expires=1562934619&ssig=675uc2UAVs&KID=imgbed,tva","icontitle":"坚持每天学日语","time":"7月10日 17:52","createtime":"2019-07-12T11:31:10.000Z","createtimestring":"1562931070191"},{"id":18755,"url":"https://weibo.com/ttarticle/p/show?id=2309404392631437230129","title":"寻找心灵的依怙","titleurl":"https://weibo.com/ttarticle/p/show?id=2309404392631437230129","picurl":"https://wx3.sinaimg.cn/crop.125.0.749.562.240/835578d9ly1g4v3j0rj0uj20rs0fmqn4.jpg","iconurl":"https://tva1.sinaimg.cn/crop.0.0.180.180.50/835578d9jw1e8qgp5bmzyj2050050aa8.jpg?Expires=1562934619&ssig=GrVPnFvC11&KID=imgbed,tva","icontitle":"如瑞法师","time":"7月10日 22:20","createtime":"2019-07-12T11:31:10.000Z","createtimestring":"1562931070188"},{"id":18754,"url":"https://weibo.com/ttarticle/p/show?id=2309404392595240386794","title":"孙力军在全国公安机关创建“枫桥式公安派出所”活动推进会上强调","titleurl":"https://weibo.com/ttarticle/p/show?id=2309404392595240386794","picurl":"https://wx2.sinaimg.cn/crop.108.0.864.648.240/8aca58f7ly1g4uzpff75nj20u00i0dia.jpg","iconurl":"https://tvax4.sinaimg.cn/crop.24.27.949.949.50/8aca58f7ly8fyvqu56lh4j20rs0runha.jpg?Expires=1562934619&ssig=PTpjo%2FjINd&KID=imgbed,tva","icontitle":"中国警方在线","time":"7月10日 19:56","createtime":"2019-07-12T11:31:10.000Z","createtimestring":"1562931070186"},{"id":18750,"url":"https://weibo.com/ttarticle/p/show?id=2309404392686785265675","title":"揭秘唐卡背后的秘密与禁忌：你为什么要迎请佛像唐卡？","titleurl":"https://weibo.com/ttarticle/p/show?id=2309404392686785265675","picurl":"https://wx3.sinaimg.cn/crop.0.143.1080.810.240/005B4oenly1g4uuocwjvjj30u013se83.jpg","iconurl":"https://tvax3.sinaimg.cn/crop.0.0.200.200.50/005B4oenly1fcd1uhfbspj305m05lwf2.jpg?Expires=1562934619&ssig=iQj3nCbYtL&KID=imgbed,tva","icontitle":"净壹1970","time":"7月11日 02:00","createtime":"2019-07-12T11:31:10.000Z","createtimestring":"1562931070184"},{"id":18749,"url":"https://weibo.com/ttarticle/p/show?id=2309404392634457129350","title":"同筑和平共襄盛会——第七届世界军人运动会倒计时100天","titleurl":"https://weibo.com/ttarticle/p/show?id=2309404392634457129350","picurl":"https://wx2.sinaimg.cn/crop.64.0.621.466.240/654b47daly4g4v3f1q2mdj20ku0cyach.jpg","iconurl":"https://tvax1.sinaimg.cn/crop.31.79.938.938.50/654b47daly8fmhwp1ajjbj20sa0sajw0.jpg?Expires=1562934619&ssig=GjNm8BUEE0&KID=imgbed,tva","icontitle":"新华视点","time":"7月10日 22:32","createtime":"2019-07-12T11:31:10.000Z","createtimestring":"1562931070182"},{"id":18752,"url":"https://weibo.com/ttarticle/p/show?id=2309404392665222348863","title":"来华留学生奖金覆盖率研究","titleurl":"https://weibo.com/ttarticle/p/show?id=2309404392665222348863","picurl":"https://wx2.sinaimg.cn/crop.0.1636.872.654.240/007BJDApgy1g4v7q9mn3tj30o8cmo7wq.jpg","iconurl":"https://tvax4.sinaimg.cn/crop.0.0.1002.1002.50/007BJDAply8g4rqyfj1ekj30ru0ruq4w.jpg?Expires=1562934619&ssig=0zBULi8bK2&KID=imgbed,tva","icontitle":"素食主义l","time":"7月11日 00:34","createtime":"2019-07-12T11:31:10.000Z","createtimestring":"1562931070181"},{"id":18751,"url":"https://weibo.com/ttarticle/p/show?id=2309404392598696493241","title":"中美俄展开物联网卫星系统竞争俄媒：中国正迅速追赶西方先驱","titleurl":"https://weibo.com/ttarticle/p/show?id=2309404392598696493241","picurl":"https://wx3.sinaimg.cn/crop.62.0.376.282.240/8d90f0bbly1g4uuucnv1jj20dx07uwlk.jpg","iconurl":"https://tva3.sinaimg.cn/crop.0.0.1022.1022.50/8d90f0bbjw1ev7oijumy4j20sg0sg0v6.jpg?Expires=1562934619&ssig=0fAgT4HA5T&KID=imgbed,tva","icontitle":"参考消息","time":"7月10日 20:10","createtime":"2019-07-12T11:31:10.000Z","createtimestring":"1562931070178"},{"id":18746,"url":"https://weibo.com/ttarticle/p/show?id=2309404392879312207942","title":"制售假团伙被罚270万阿里联手警方挖出特大假康宝莱生产链","titleurl":"https://weibo.com/ttarticle/p/show?id=2309404392879312207942","picurl":"https://wx1.sinaimg.cn/crop.0.0.640.480.240/7229b74aly4g4vvso4ne6j20hs0dcjsk.jpg","iconurl":"https://tvax3.sinaimg.cn/crop.18.0.1205.1205.50/7229b74aly8fmg35ovcnaj20yi0xhjsc.jpg?Expires=1562933720&ssig=NBJtcuncoG&KID=imgbed,tva","icontitle":"阿里安全","time":"7月11日 14:45","createtime":"2019-07-12T11:30:10.000Z","createtimestring":"1562931010203"},{"id":18748,"url":"https://weibo.com/ttarticle/p/show?id=2309404392883871416322","title":"我们需要什么样的好老师？","titleurl":"https://weibo.com/ttarticle/p/show?id=2309404392883871416322","picurl":"https://wx2.sinaimg.cn/crop.72.0.576.432.240/006yjp0ely1g4vxb6l2ikj30k00c00u5.jpg","iconurl":"https://tvax3.sinaimg.cn/crop.0.0.996.996.50/006yjp0ely8ft762ypeoqj30ro0romym.jpg?Expires=1562933720&ssig=7etUBHB9B%2F&KID=imgbed,tva","icontitle":"沧州李老板","time":"7月11日 15:03","createtime":"2019-07-12T11:30:10.000Z","createtimestring":"1562931010201"}]
[2019-07-15T19:54:58.577] [INFO] info - 请求接口：[/weibohotList/dbListSum]  sql：[select count(*) as sum from crawlings]
[2019-07-15T19:54:58.614] [INFO] info - 返回数据集：[{"sum":10547}]
[2019-07-15T19:55:00.524] [INFO] info - 传入的参数：url=[https://weibo.com/ttarticle/p/show?id=2309404392595240386794]  请求接口：[/weibohotDetails/loadhtml]  sql：[select  * from details where url = "https://weibo.com/ttarticle/p/show?id=2309404392595240386794" LIMIT 1]
[2019-07-15T19:55:06.238] [INFO] info - 传入的参数：url=[https://weibo.com/ttarticle/p/show?id=2309404392634457129350]  请求接口：[/weibohotDetails/loadhtml]  sql：[select  * from details where url = "https://weibo.com/ttarticle/p/show?id=2309404392634457129350" LIMIT 1]
[2019-07-15T19:55:10.530] [INFO] info - 第1条数据
[2019-07-15T19:55:10.530] [INFO] info - https://weibo.com/ttarticle/p/show?id=2309404394237327179847
[2019-07-15T19:55:10.530] [INFO] info - https://wx2.sinaimg.cn/crop.364.0.272.204.240/9ce4bf2fly4g4z2jrk2yoj20rs05oaa8.jpg
[2019-07-15T19:55:10.531] [INFO] info - 2019年7月15日（周一）早安香港
[2019-07-15T19:55:10.531] [INFO] info - https://weibo.com/ttarticle/p/show?id=2309404394237327179847
[2019-07-15T19:55:10.531] [INFO] info - https://tva2.sinaimg.cn/crop.0.0.180.180.50/9ce4bf2fjw1e8qgp5bmzyj2050050aa8.jpg?Expires=1563194716&ssig=48x%2FzW3XmX&KID=imgbed,tva
[2019-07-15T19:55:10.531] [INFO] info - 香港文匯網
[2019-07-15T19:55:10.531] [INFO] info - 今天 08:41
[2019-07-15T19:55:10.531] [INFO] info - 

[2019-07-15T19:55:10.532] [INFO] info - 第2条数据
[2019-07-15T19:55:10.532] [INFO] info - https://weibo.com/ttarticle/p/show?id=2309404394278179700959
[2019-07-15T19:55:10.532] [INFO] info - https://wx3.sinaimg.cn/crop.35.0.554.416.240/00668Uhygy1g50cx1jfmlj30hc0bkam0.jpg
[2019-07-15T19:55:10.532] [INFO] info - 首位拍吻戏主动伸舌头的女星，霍建华不敢动，陈伟霆表示惹不起！
[2019-07-15T19:55:10.532] [INFO] info - https://weibo.com/ttarticle/p/show?id=2309404394278179700959
[2019-07-15T19:55:10.533] [INFO] info - https://tvax4.sinaimg.cn/crop.216.22.568.568.50/00668Uhyly8fl76b07hm5j30sg0lcwm3.jpg?Expires=1563194716&ssig=FE12k2zJRN&KID=imgbed,tva
[2019-07-15T19:55:10.533] [INFO] info - 希诗雅
[2019-07-15T19:55:10.533] [INFO] info - 今天 11:23
[2019-07-15T19:55:10.533] [INFO] info - 

[2019-07-15T19:55:10.533] [INFO] info - 第3条数据
[2019-07-15T19:55:10.534] [INFO] info - https://weibo.com/ttarticle/p/show?id=2309404394053323063660
[2019-07-15T19:55:10.534] [INFO] info - https://wx2.sinaimg.cn/crop.41.0.245.184.240/67c4d546gy1g4zdxgl01qj209305441h.jpg
[2019-07-15T19:55:10.534] [INFO] info - 高校毕业生落户省会放开限制
[2019-07-15T19:55:10.534] [INFO] info - https://weibo.com/ttarticle/p/show?id=2309404394053323063660
[2019-07-15T19:55:10.535] [INFO] info - https://tva4.sinaimg.cn/crop.0.0.1242.1242.50/67c4d546jw8f3ehpx7867j20yi0yiq4p.jpg?Expires=1563194716&ssig=9DLEusr0lb&KID=imgbed,tva
[2019-07-15T19:55:10.535] [INFO] info - 厦门晚报
[2019-07-15T19:55:10.535] [INFO] info - 7月14日 20:30
[2019-07-15T19:55:10.536] [INFO] info - 

[2019-07-15T19:55:10.536] [INFO] info - 第4条数据
[2019-07-15T19:55:10.536] [INFO] info - https://weibo.com/ttarticle/p/show?id=2309404394244080009347
[2019-07-15T19:55:10.536] [INFO] info - https://wx2.sinaimg.cn/crop.125.0.749.562.240/e5ffc3cdly1g5092hv37zj20rs0fm1kx.jpg
[2019-07-15T19:55:10.536] [INFO] info - 哪些星座孩子心态超好
[2019-07-15T19:55:10.537] [INFO] info - https://weibo.com/ttarticle/p/show?id=2309404394244080009347
[2019-07-15T19:55:10.537] [INFO] info - https://tvax4.sinaimg.cn/crop.0.0.512.512.50/e5ffc3cdly8g0iw73r6dnj20e80e8jrx.jpg?Expires=1563194716&ssig=eS9g4Kcehy&KID=imgbed,tva
[2019-07-15T19:55:10.537] [INFO] info - 星座运势的日常
[2019-07-15T19:55:10.537] [INFO] info - 今天 09:08
[2019-07-15T19:55:10.537] [INFO] info - 

[2019-07-15T19:55:10.537] [INFO] info - 第5条数据
[2019-07-15T19:55:10.538] [INFO] info - https://weibo.com/ttarticle/p/show?id=2309404394268507635857
[2019-07-15T19:55:10.538] [INFO] info - https://wx1.sinaimg.cn/crop.177.0.726.545.240/41399761ly4g50buca6fdj20u00f5jrz.jpg
[2019-07-15T19:55:10.538] [INFO] info - 第三大手机系统诞生2年超1亿用户，在印度超越苹果iOS｜科技美学
[2019-07-15T19:55:10.538] [INFO] info - https://weibo.com/ttarticle/p/show?id=2309404394268507635857
[2019-07-15T19:55:10.539] [INFO] info - https://tva4.sinaimg.cn/crop.0.0.1002.1002.50/41399761jw8eyfdeu75vtj20ru0rutae.jpg?Expires=1563194716&ssig=5Ggb4vnQ57&KID=imgbed,tva
[2019-07-15T19:55:10.539] [INFO] info - 科技美学
[2019-07-15T19:55:10.539] [INFO] info - 今天 10:45
[2019-07-15T19:55:10.539] [INFO] info - 

[2019-07-15T19:55:10.540] [INFO] info - 第6条数据
[2019-07-15T19:55:10.540] [INFO] info - https://weibo.com/ttarticle/p/show?id=2309404394234726711366
[2019-07-15T19:55:10.540] [INFO] info - https://wx3.sinaimg.cn/crop.107.0.426.320.240/005B4oenly4g507rqk4hqj30hs08wdg2.jpg
[2019-07-15T19:55:10.540] [INFO] info - 面临制裁的美国军火公司在中国有什么生意？
[2019-07-15T19:55:10.541] [INFO] info - https://weibo.com/ttarticle/p/show?id=2309404394234726711366
[2019-07-15T19:55:10.541] [INFO] info - https://tvax3.sinaimg.cn/crop.0.0.200.200.50/005B4oenly1fcd1uhfbspj305m05lwf2.jpg?Expires=1563194716&ssig=T1PMzSG%2Bzx&KID=imgbed,tva
[2019-07-15T19:55:10.541] [INFO] info - 净壹1970
[2019-07-15T19:55:10.541] [INFO] info - 今天 08:31
[2019-07-15T19:55:10.541] [INFO] info - 

[2019-07-15T19:55:10.542] [INFO] info - 第7条数据
[2019-07-15T19:55:10.542] [INFO] info - https://weibo.com/ttarticle/p/show?id=2309404394083928899747
[2019-07-15T19:55:10.543] [INFO] info - https://wx4.sinaimg.cn/crop.80.0.480.360.240/006pSP2fly4g4zq22hysbj30hs0a0js4.jpg
[2019-07-15T19:55:10.543] [INFO] info - 泳池里到底有多少尿？这个可怕的问题终于有答案了
[2019-07-15T19:55:10.543] [INFO] info - https://weibo.com/ttarticle/p/show?id=2309404394083928899747
[2019-07-15T19:55:10.543] [INFO] info - https://tvax4.sinaimg.cn/crop.0.0.341.341.50/006pSP2fly8fhyi03i12rj309h09hdhj.jpg?Expires=1563194716&ssig=ofbzTBTjPh&KID=imgbed,tva
[2019-07-15T19:55:10.544] [INFO] info - 诡匠
[2019-07-15T19:55:10.544] [INFO] info - 7月14日 22:31
[2019-07-15T19:55:10.544] [INFO] info - 

[2019-07-15T19:55:10.545] [INFO] info - 第8条数据
[2019-07-15T19:55:10.545] [INFO] info - https://weibo.com/ttarticle/p/show?id=2309404394207686033421
[2019-07-15T19:55:10.545] [INFO] info - https://wx4.sinaimg.cn/crop.0.53.386.289.240/87e90f81ly1g5040itk38j20aq0extdc.jpg
[2019-07-15T19:55:10.545] [INFO] info - 全面停止军队有偿服务任务基本完成
[2019-07-15T19:55:10.545] [INFO] info - https://weibo.com/ttarticle/p/show?id=2309404394207686033421
[2019-07-15T19:55:10.546] [INFO] info - https://tvax2.sinaimg.cn/crop.1.6.372.372.50/87e90f81ly8g1qpqwqircj20aj0ajdh7.jpg?Expires=1563194716&ssig=j7eaEXB0of&KID=imgbed,tva
[2019-07-15T19:55:10.546] [INFO] info - 军报记者
[2019-07-15T19:55:10.546] [INFO] info - 今天 06:43
[2019-07-15T19:55:10.546] [INFO] info - 

[2019-07-15T19:55:12.306] [INFO] info - 传入的参数：url=[https://weibo.com/ttarticle/p/show?id=2309404392598696493241]  请求接口：[/weibohotDetails/loadhtml]  sql：[select  * from details where url = "https://weibo.com/ttarticle/p/show?id=2309404392598696493241" LIMIT 1]
[2019-07-15T19:55:25.146] [INFO] info - 传入的参数：createtimestring=[1562931010201]  请求接口：[/weibohotList/dbListByPage]  sql：[select * from crawlings where createtimestring<1562931010201 ORDER BY createtimestring DESC ,id DESC  LIMIT 10;]
[2019-07-15T19:55:25.184] [INFO] info - 返回数据集：[{"id":18745,"url":"https://weibo.com/ttarticle/p/show?id=2309404392856759435398","title":"有一种“打脸”叫做阿拉蕾长大了，本以为会长残，却是越长越惊艳","titleurl":"https://weibo.com/ttarticle/p/show?id=2309404392856759435398","picurl":"https://wx4.sinaimg.cn/crop.0.96.640.480.240/0071KB9cly4g4i4mzmbwgj30hs0qojsw.jpg","iconurl":"https://tvax2.sinaimg.cn/crop.0.0.700.700.50/006yri4Aly8g4vveyqs4yj30jg0jgadb.jpg?Expires=1562933720&ssig=XNIfAoiw6z&KID=imgbed,tva","icontitle":"汤崖豪谜料","time":"7月11日 13:15","createtime":"2019-07-12T11:30:10.000Z","createtimestring":"1562931010199"},{"id":18742,"url":"https://weibo.com/ttarticle/p/show?id=2309404392952171462868","title":"象山全力搜寻失联淳安女孩","titleurl":"https://weibo.com/ttarticle/p/show?id=2309404392952171462868","picurl":"https://wx1.sinaimg.cn/crop.0.31.316.237.240/9a43aa40ly4g4w4n47j7xj208s08pglq.jpg","iconurl":"https://tva3.sinaimg.cn/crop.47.134.1158.1158.50/9a43aa40gw1e8fzvvplpyj21kw28g7v5.jpg?Expires=1562933720&ssig=m2w9Ux0yEx&KID=imgbed,tva","icontitle":"象山发布","time":"7月11日 19:34","createtime":"2019-07-12T11:30:10.000Z","createtimestring":"1562931010197"},{"id":18739,"url":"https://weibo.com/ttarticle/p/show?id=2309404392827604828310","title":"余云辉：美中要切割，中国怎么办？——打造“中国极限生存能力”思考","titleurl":"https://weibo.com/ttarticle/p/show?id=2309404392827604828310","picurl":"https://wx3.sinaimg.cn/crop.35.0.837.628.240/005vdi3ily4g4vqae4kk5j30p80hggpf.jpg","iconurl":"https://tvax4.sinaimg.cn/crop.0.0.512.512.50/005vdi3ily8fl2qq9ocn2j30e80e8wfw.jpg?Expires=1562933720&ssig=hwsAGYUy4G&KID=imgbed,tva","icontitle":"察网中国","time":"7月11日 11:19","createtime":"2019-07-12T11:30:10.000Z","createtimestring":"1562931010195"},{"id":18740,"url":"https://weibo.com/ttarticle/p/show?id=2309404392868063084683","title":"定了！联合创新中心落地成都高新区！","titleurl":"https://weibo.com/ttarticle/p/show?id=2309404392868063084683","picurl":"https://wx2.sinaimg.cn/crop.125.0.749.562.240/7a859ad3gy1g4vp50b4xmj20rs0fm1kx.jpg","iconurl":"https://tva4.sinaimg.cn/crop.0.0.180.180.50/7a859ad3jw1e8qgp5bmzyj2050050aa8.jpg?Expires=1562933720&ssig=GXhi7GjBFQ&KID=imgbed,tva","icontitle":"成都高新","time":"7月11日 14:00","createtime":"2019-07-12T11:30:10.000Z","createtimestring":"1562931010192"},{"id":18743,"url":"https://weibo.com/ttarticle/p/show?id=2309404392914716328054","title":"王源：少年人饮一杯落日山城","titleurl":"https://weibo.com/ttarticle/p/show?id=2309404392914716328054","picurl":"https://wx2.sinaimg.cn/crop.130.0.482.362.240/7513f31dly1g4vzbj5ws8j20km0a2q5g.jpg","iconurl":"https://tva1.sinaimg.cn/crop.6.0.738.738.50/7513f31djw8f6kgqy494wj20ku0kigm6.jpg?Expires=1562933720&ssig=0R1ozjcfma&KID=imgbed,tva","icontitle":"折扇公子软趴趴","time":"7月11日 17:05","createtime":"2019-07-12T11:30:10.000Z","createtimestring":"1562931010190"},{"id":18737,"url":"https://weibo.com/ttarticle/p/show?id=2309404392958936875476","title":"FreeC的事，西安人有话说，实锤！","titleurl":"https://weibo.com/ttarticle/p/show?id=2309404392958936875476","picurl":"https://wx4.sinaimg.cn/crop.0.144.1080.810.240/6fe971e7ly1g4w5h57idlj20u0140gqh.jpg","iconurl":"https://tva3.sinaimg.cn/crop.5.0.740.740.50/6fe971e7jw8fckur8ocjvj20ku0kkq4g.jpg?Expires=1562933720&ssig=mn8Oe8RDsa&KID=imgbed,tva","icontitle":"Woody-吕冲Saxophone","time":"7月11日 20:01","createtime":"2019-07-12T11:30:10.000Z","createtimestring":"1562931010185"},{"id":18736,"url":"https://weibo.com/ttarticle/p/show?id=2309404392982483697687","title":"哪个不会临那个！你需要的色彩单体全在这！","titleurl":"https://weibo.com/ttarticle/p/show?id=2309404392982483697687","picurl":"https://wx1.sinaimg.cn/crop.0.149.1080.810.240/7ff6fc1fly4g4vw54wf9wj20u015j41s.jpg","iconurl":"https://tva4.sinaimg.cn/crop.37.3.152.152.50/7ff6fc1fjw8f2hfgl2jufg206y04ne5k.gif?Expires=1562933720&ssig=bHxG3H8%2BA%2F&KID=imgbed,tva","icontitle":"美术生都关注","time":"7月11日 21:35","createtime":"2019-07-12T11:29:10.000Z","createtimestring":"1562930950412"},{"id":18734,"url":"https://weibo.com/ttarticle/p/show?id=2309404392934660243486","title":"高空抛物遭全楼驱逐，这个教训需谨记","titleurl":"https://weibo.com/ttarticle/p/show?id=2309404392934660243486","picurl":"https://wx4.sinaimg.cn/crop.75.0.446.335.240/61ff32dely1g4w1ygxcxrj20gk09bdlb.jpg","iconurl":"https://tva3.sinaimg.cn/crop.0.0.512.512.50/61ff32dejw8ev91yl3hkdj20e80e8jrt.jpg?Expires=1562933720&ssig=0k0pomGiLc&KID=imgbed,tva","icontitle":"新京报","time":"7月11日 18:25","createtime":"2019-07-12T11:29:10.000Z","createtimestring":"1562930950410"},{"id":18729,"url":"https://weibo.com/ttarticle/p/show?id=2309404392972962627740","title":"中国移动，大家的话费缴给谁了！","titleurl":"https://weibo.com/ttarticle/p/show?id=2309404392972962627740","picurl":"https://wx3.sinaimg.cn/crop.0.170.960.720.240/6393c70dly1g4w72qmskej20qo1beguw.jpg","iconurl":"https://tva4.sinaimg.cn/crop.0.0.180.180.50/6393c70djw1e8qgp5bmzyj2050050aa8.jpg?Expires=1562933720&ssig=UhRyewRc5O&KID=imgbed,tva","icontitle":"西开记者张永军","time":"7月11日 20:57","createtime":"2019-07-12T11:29:10.000Z","createtimestring":"1562930950408"},{"id":18733,"url":"https://weibo.com/ttarticle/p/show?id=2309404392998178783549","title":"King＆Prince致傑尼斯喜多川社長追悼文","titleurl":"https://weibo.com/ttarticle/p/show?id=2309404392998178783549","picurl":"https://wx1.sinaimg.cn/crop.125.0.749.562.240/7d2d06d0gy1g4w9z54nuqj20rs0fmx2b.jpg","iconurl":"https://tva1.sinaimg.cn/crop.61.13.201.201.50/7d2d06d0gw1e7g3226d7kj208s09b0ti.jpg?Expires=1562933720&ssig=r%2BM8yiERxX&KID=imgbed,tva","icontitle":"Massy_tw","time":"7月11日 22:37","createtime":"2019-07-12T11:29:10.000Z","createtimestring":"1562930950406"}]
[2019-07-15T19:55:28.868] [INFO] info - 传入的参数：url=[https://weibo.com/ttarticle/p/show?id=2309404392856759435398]  请求接口：[/weibohotDetails/loadhtml]  sql：[select  * from details where url = "https://weibo.com/ttarticle/p/show?id=2309404392856759435398" LIMIT 1]
[2019-07-15T19:55:43.373] [INFO] info - 传入的参数：url=[https://weibo.com/ttarticle/p/show?id=2309404392982483697687]  请求接口：[/weibohotDetails/loadhtml]  sql：[select  * from details where url = "https://weibo.com/ttarticle/p/show?id=2309404392982483697687" LIMIT 1]
[2019-07-15T19:55:56.836] [INFO] info - 传入的参数：createtimestring=[1562930950406]  请求接口：[/weibohotList/dbListByPage]  sql：[select * from crawlings where createtimestring<1562930950406 ORDER BY createtimestring DESC ,id DESC  LIMIT 10;]
[2019-07-15T19:55:56.887] [INFO] info - 返回数据集：[{"id":18732,"url":"https://weibo.com/ttarticle/p/show?id=2309404392972660637711","title":"你知道吉野家已经120岁了吗？！丨ULSUM","titleurl":"https://weibo.com/ttarticle/p/show?id=2309404392972660637711","picurl":"https://wx2.sinaimg.cn/crop.0.163.1080.810.240/006bt8WZly4g4w6nik24ej30u019etdu.jpg","iconurl":"https://tvax4.sinaimg.cn/crop.0.0.1125.1125.50/006bt8WZly8fvvjgp0tedj30v90v9js4.jpg?Expires=1562933720&ssig=ijHy%2FNnXwv&KID=imgbed,tva","icontitle":"ULSUM","time":"7月11日 20:56","createtime":"2019-07-12T11:29:10.000Z","createtimestring":"1562930950402"},{"id":18731,"url":"https://weibo.com/ttarticle/p/show?id=2309404392995993551078","title":"m家弹幕ky合集part1","titleurl":"https://weibo.com/ttarticle/p/show?id=2309404392995993551078","picurl":"https://wx1.sinaimg.cn/crop.22.0.509.382.240/dfab1b38ly1g4w919ilxhj20fe0amwlx.jpg","iconurl":"https://tvax2.sinaimg.cn/crop.0.0.750.750.50/dfab1b38ly8g3vdiwu6ksj20ku0kumxu.jpg?Expires=1562933720&ssig=fRmuPyAIvv&KID=imgbed,tva","icontitle":"宝藏女孩莫小葵","time":"7月11日 22:28","createtime":"2019-07-12T11:29:10.000Z","createtimestring":"1562930950400"},{"id":18730,"url":"https://weibo.com/ttarticle/p/show?id=2309404393021692051469","title":"一些真心話","titleurl":"https://weibo.com/ttarticle/p/show?id=2309404393021692051469","picurl":"https://wx4.sinaimg.cn/crop.108.0.864.648.240/006SBJ4vgy1g4wcolwglaj30u00i0a9w.jpg","iconurl":"https://tvax4.sinaimg.cn/crop.0.0.996.996.50/006SBJ4vly8g4sbt5013ij30ro0ro413.jpg?Expires=1562933720&ssig=8qKQTS9Cob&KID=imgbed,tva","icontitle":"瑜桉Ianthe","time":"今天 00:10","createtime":"2019-07-12T11:29:10.000Z","createtimestring":"1562930950398"},{"id":18727,"url":"https://weibo.com/ttarticle/p/show?id=2309404392634423574739","title":"刘恺威与陈都灵民政局领证疑似怀孕两人幸福满满网友：杨幂咋办","titleurl":"https://weibo.com/ttarticle/p/show?id=2309404392634423574739","picurl":"https://wx3.sinaimg.cn/crop.23.0.425.319.240/007ozit0gy1g4v46ymtu6j30d408v0zb.jpg","iconurl":"https://tvax3.sinaimg.cn/crop.2.0.347.347.50/007ozit0ly8fya7l4w0j5j309q09qab4.jpg?Expires=1562933720&ssig=5WpQT7MDxL&KID=imgbed,tva","icontitle":"影视围墙","time":"7月10日 22:32","createtime":"2019-07-12T11:29:10.000Z","createtimestring":"1562930950397"},{"id":18722,"url":"https://weibo.com/ttarticle/p/show?id=2309404393145482739749","title":"诡异杭州女童失踪事件时间线和细节梳理","titleurl":"https://weibo.com/ttarticle/p/show?id=2309404393145482739749","picurl":"https://wx3.sinaimg.cn/crop.0.68.648.486.240/006Xg9bcly1g4wqwaj6ynj30i00j2jtp.jpg","iconurl":"https://tvax1.sinaimg.cn/crop.0.0.751.751.50/006Xg9bcly8g1pg3lea3uj30kv0kvjta.jpg?Expires=1562933720&ssig=l8LeG7Cm4M&KID=imgbed,tva","icontitle":"x京房","time":"今天 08:22","createtime":"2019-07-12T11:28:10.000Z","createtimestring":"1562930890244"},{"id":18720,"url":"https://weibo.com/ttarticle/p/show?id=2309404392943426339076","title":"9年前举起大力神杯的他们，如今过得怎么样？","titleurl":"https://weibo.com/ttarticle/p/show?id=2309404392943426339076","picurl":null,"iconurl":"https://tva3.sinaimg.cn/crop.117.121.414.414.50/93ef9141gw1f0zhqr4fgsj20j60j6q41.jpg?Expires=1562933720&ssig=p0HsvFX9xp&KID=imgbed,tva","icontitle":"LaLiga西甲联赛","time":"7月11日 18:59","createtime":"2019-07-12T11:28:10.000Z","createtimestring":"1562930890241"},{"id":18724,"url":"https://weibo.com/ttarticle/p/show?id=2309404392854381265078","title":"男子与船上半数成员不合，选择“先下手为强”毒杀21名船员并抛尸大海","titleurl":"https://weibo.com/ttarticle/p/show?id=2309404392854381265078","picurl":"https://wx4.sinaimg.cn/crop.0.0.259.194.240/4d30df45ly1g4vqj1rk4tj207705e3zh.jpg","iconurl":"https://tva1.sinaimg.cn/crop.2.3.96.96.50/4d30df45jw8f26nben3gnj202t02twf3.jpg?Expires=1562933720&ssig=iTRiq7QpF9&KID=imgbed,tva","icontitle":"悬疑志","time":"7月11日 13:06","createtime":"2019-07-12T11:28:10.000Z","createtimestring":"1562930890236"},{"id":18723,"url":"https://weibo.com/ttarticle/p/show?id=2309404392944709796055","title":"刘金波：始终保持高压态势不断营造强大声势","titleurl":"https://weibo.com/ttarticle/p/show?id=2309404392944709796055","picurl":"https://wx1.sinaimg.cn/crop.191.0.256.192.240/b3208a24ly4g4w3qj89dpj20hq05c0ss.jpg","iconurl":"https://tva2.sinaimg.cn/crop.1.0.1239.1239.50/b3208a24jw8f3dbg5luh7j20yi0yf0wk.jpg?Expires=1562933720&ssig=gqYA6tOfYe&KID=imgbed,tva","icontitle":"吉林警事","time":"7月11日 19:04","createtime":"2019-07-12T11:28:10.000Z","createtimestring":"1562930890230"},{"id":18725,"url":"https://weibo.com/ttarticle/p/show?id=2309404393022828707959","title":"河南通许回应“村医集体辞职”：严格落实规定关爱村医队伍","titleurl":"https://weibo.com/ttarticle/p/show?id=2309404393022828707959","picurl":"https://wx2.sinaimg.cn/crop.0.80.600.450.240/654ced53ly1g4wcs59qe5j20go0mb4dq.jpg","iconurl":"https://tvax3.sinaimg.cn/crop.0.0.1000.1000.50/654ced53ly8g3xf8zmuemj20rs0rsqco.jpg?Expires=1562933720&ssig=kXBDg62cIp&KID=imgbed,tva","icontitle":"中国之声","time":"今天 00:15","createtime":"2019-07-12T11:28:10.000Z","createtimestring":"1562930890222"},{"id":18721,"url":"https://weibo.com/ttarticle/p/show?id=2309404393134002929723","title":"发力点！金钥匙！认罪认罚从宽制度为啥这样重要？听听来自一线的声音","titleurl":"https://weibo.com/ttarticle/p/show?id=2309404393134002929723","picurl":"https://wx4.sinaimg.cn/crop.93.0.714.536.240/005vZQ9Nly4g4wpenauitj30p00ew762.jpg","iconurl":"https://tva2.sinaimg.cn/crop.1.9.666.666.50/005vZQ9Njw1elwfqc1dquj30il0iraf1.jpg?Expires=1562933720&ssig=yt%2BYMIvpi4&KID=imgbed,tva","icontitle":"最高人民检察院","time":"今天 07:37","createtime":"2019-07-12T11:28:10.000Z","createtimestring":"1562930890218"}]
[2019-07-15T19:56:00.457] [INFO] info - 传入的参数：url=[https://weibo.com/ttarticle/p/show?id=2309404393134002929723]  请求接口：[/weibohotDetails/loadhtml]  sql：[select  * from details where url = "https://weibo.com/ttarticle/p/show?id=2309404393134002929723" LIMIT 1]
[2019-07-15T19:56:10.204] [INFO] info - 第1条数据
[2019-07-15T19:56:10.204] [INFO] info - https://weibo.com/ttarticle/p/show?id=2309404394073275367516
[2019-07-15T19:56:10.205] [INFO] info - https://wx3.sinaimg.cn/crop.124.0.832.624.240/62d2e34bly4g4x5zsl7t5j20u00hc3yq.jpg
[2019-07-15T19:56:10.205] [INFO] info - 股市下半年大涨就靠它了
[2019-07-15T19:56:10.205] [INFO] info - https://weibo.com/ttarticle/p/show?id=2309404394073275367516
[2019-07-15T19:56:10.205] [INFO] info - https://tvax4.sinaimg.cn/crop.0.0.996.996.50/007DGamwly8g4mrdcwv00j30ro0ro76r.jpg?Expires=1563194716&ssig=caYuwxHku7&KID=imgbed,tva
[2019-07-15T19:56:10.205] [INFO] info - 赵亚赟股市研究
[2019-07-15T19:56:10.205] [INFO] info - 7月14日 21:49
[2019-07-15T19:56:10.206] [INFO] info - 

[2019-07-15T19:56:10.207] [INFO] info - 第2条数据
[2019-07-15T19:56:10.207] [INFO] info - https://weibo.com/ttarticle/p/show?id=2309404394068384809259
[2019-07-15T19:56:10.207] [INFO] info - https://wx3.sinaimg.cn/crop.111.0.369.277.240/6248f657ly4g4zmrjqsakj20gf07paa7.jpg
[2019-07-15T19:56:10.207] [INFO] info - 约翰.涅夫投资方法启示：低估值策略长期有效
[2019-07-15T19:56:10.207] [INFO] info - https://weibo.com/ttarticle/p/show?id=2309404394068384809259
[2019-07-15T19:56:10.207] [INFO] info - https://tva4.sinaimg.cn/crop.0.0.599.599.50/6248f657jw1efn5g10dqij20go0gotaq.jpg?Expires=1563194716&ssig=eIbOZ7Zzz7&KID=imgbed,tva
[2019-07-15T19:56:10.208] [INFO] info - 证券市场红周刊
[2019-07-15T19:56:10.208] [INFO] info - 7月14日 21:30
[2019-07-15T19:56:10.208] [INFO] info - 

[2019-07-15T19:56:10.209] [INFO] info - 第3条数据
[2019-07-15T19:56:10.209] [INFO] info - https://weibo.com/ttarticle/p/show?id=2309404394112563413109
[2019-07-15T19:56:10.209] [INFO] info - undefined
[2019-07-15T19:56:10.210] [INFO] info - 一台手机两分钟掉价上百，在华强北倒腾手机，比A股刺激多了
[2019-07-15T19:56:10.210] [INFO] info - https://weibo.com/ttarticle/p/show?id=2309404394112563413109
[2019-07-15T19:56:10.210] [INFO] info - https://tvax2.sinaimg.cn/crop.0.0.500.500.50/006g4E90ly8fnu2w5h61jj30dw0dwa9v.jpg?Expires=1563194716&ssig=A%2FoqsQlwKS&KID=imgbed,tva
[2019-07-15T19:56:10.210] [INFO] info - 差评君
[2019-07-15T19:56:10.210] [INFO] info - 今天 00:25
[2019-07-15T19:56:10.210] [INFO] info - 

[2019-07-15T19:56:10.211] [INFO] info - 第4条数据
[2019-07-15T19:56:10.211] [INFO] info - https://weibo.com/ttarticle/p/show?id=2309404394102979428385
[2019-07-15T19:56:10.211] [INFO] info - https://wx4.sinaimg.cn/crop.125.0.749.562.240/46a6f7d4gy1g4zsn1m84aj20rs0fm16n.jpg
[2019-07-15T19:56:10.211] [INFO] info - 2018-12-31贾凡两小时跨年直播文字记录
[2019-07-15T19:56:10.211] [INFO] info - https://weibo.com/ttarticle/p/show?id=2309404394102979428385
[2019-07-15T19:56:10.212] [INFO] info - https://tvax1.sinaimg.cn/crop.0.0.750.750.50/46a6f7d4ly8g1ryf3g07jj20ku0ku3zs.jpg?Expires=1563194716&ssig=B5zhbwi5yu&KID=imgbed,tva
[2019-07-15T19:56:10.212] [INFO] info - 洛川树
[2019-07-15T19:56:10.212] [INFO] info - 7月14日 23:47
[2019-07-15T19:56:10.212] [INFO] info - 

[2019-07-15T19:56:10.212] [INFO] info - 第5条数据
[2019-07-15T19:56:10.213] [INFO] info - https://weibo.com/ttarticle/p/show?id=2309404394096817995853
[2019-07-15T19:56:10.213] [INFO] info - https://wx2.sinaimg.cn/crop.125.0.749.562.240/7a9210e6gy1g4zs13d8kij20rs0fm7uo.jpg
[2019-07-15T19:56:10.213] [INFO] info - 令和Jr.維新森本慎太郎「調和のとき」
[2019-07-15T19:56:10.213] [INFO] info - https://weibo.com/ttarticle/p/show?id=2309404394096817995853
[2019-07-15T19:56:10.213] [INFO] info - https://tva3.sinaimg.cn/crop.0.0.750.750.50/7a9210e6jw8eou2w08odbj20ku0kumxn.jpg?Expires=1563194716&ssig=dx83tyoTS8&KID=imgbed,tva
[2019-07-15T19:56:10.213] [INFO] info - Kim可可_
[2019-07-15T19:56:10.213] [INFO] info - 7月14日 23:23
[2019-07-15T19:56:10.213] [INFO] info - 

[2019-07-15T19:56:10.215] [INFO] info - 第6条数据
[2019-07-15T19:56:10.215] [INFO] info - https://weibo.com/ttarticle/p/show?id=2309404394096457285765
[2019-07-15T19:56:10.216] [INFO] info - https://wx2.sinaimg.cn/crop.67.0.890.668.240/d9c32f5dly4g1e0rud96wj20sg0ikndo.jpg
[2019-07-15T19:56:10.216] [INFO] info - 你眼中的重庆仅有洪崖洞和穿楼城轨？其实这个小众古镇更值得一来
[2019-07-15T19:56:10.216] [INFO] info - https://weibo.com/ttarticle/p/show?id=2309404394096457285765
[2019-07-15T19:56:10.216] [INFO] info - https://tva2.sinaimg.cn/crop.0.0.750.750.50/006hjwFLjw8ez7s3j2hilj30ku0kut9t.jpg?Expires=1563194716&ssig=%2BTpMv0WDEF&KID=imgbed,tva
[2019-07-15T19:56:10.216] [INFO] info - 旅行攻略君
[2019-07-15T19:56:10.216] [INFO] info - 7月14日 23:21
[2019-07-15T19:56:10.216] [INFO] info - 

[2019-07-15T19:56:10.217] [INFO] info - 第7条数据
[2019-07-15T19:56:10.217] [INFO] info - https://weibo.com/ttarticle/p/show?id=2309404394097266786402
[2019-07-15T19:56:10.217] [INFO] info - https://wx4.sinaimg.cn/crop.195.0.510.383.240/624c6377ly4g4zrztf66mj20p00anmxc.jpg
[2019-07-15T19:56:10.217] [INFO] info - 人口减少了，北京房租降了吗？
[2019-07-15T19:56:10.218] [INFO] info - https://weibo.com/ttarticle/p/show?id=2309404394097266786402
[2019-07-15T19:56:10.218] [INFO] info - https://tva1.sinaimg.cn/crop.17.13.195.195.50/624c6377gw1f2o7dkri5nj206d05vq38.jpg?Expires=1563194716&ssig=KkTvyNKLyx&KID=imgbed,tva
[2019-07-15T19:56:10.218] [INFO] info - 每日经济新闻
[2019-07-15T19:56:10.218] [INFO] info - 7月14日 23:24
[2019-07-15T19:56:10.218] [INFO] info - 

[2019-07-15T19:56:10.219] [INFO] info - 第8条数据
[2019-07-15T19:56:10.219] [INFO] info - https://weibo.com/ttarticle/p/show?id=2309404394096360816793
[2019-07-15T19:56:10.219] [INFO] info - https://wx3.sinaimg.cn/crop.0.50.351.263.240/c47da9b5ly1g4zpvxswlvj209r0dwn2r.jpg
[2019-07-15T19:56:10.219] [INFO] info - 寰宇炎凉：近期全球气候异常与极端天气事件浅析
[2019-07-15T19:56:10.219] [INFO] info - https://weibo.com/ttarticle/p/show?id=2309404394096360816793
[2019-07-15T19:56:10.219] [INFO] info - https://tvax1.sinaimg.cn/crop.0.0.1080.1080.50/c47da9b5ly8g4locx3urcj20u00u0abv.jpg?Expires=1563194716&ssig=MJyGCrIEGh&KID=imgbed,tva
[2019-07-15T19:56:10.220] [INFO] info - 风云梦远
[2019-07-15T19:56:10.220] [INFO] info - 7月14日 23:21
[2019-07-15T19:56:10.220] [INFO] info - 

[2019-07-15T19:56:13.403] [INFO] info - 传入的参数：createtimestring=[1562930890218]  请求接口：[/weibohotList/dbListByPage]  sql：[select * from crawlings where createtimestring<1562930890218 ORDER BY createtimestring DESC ,id DESC  LIMIT 10;]
[2019-07-15T19:56:13.442] [INFO] info - 返回数据集：[{"id":18718,"url":"https://weibo.com/ttarticle/p/show?id=2309404393123567501316","title":"40天内6名工人死亡，施工方“自曝家丑”！青岛地铁，调查组来了！","titleurl":"https://weibo.com/ttarticle/p/show?id=2309404393123567501316","picurl":"https://wx1.sinaimg.cn/crop.60.0.960.720.240/6b608346ly4g4wo507ohhj20u00k0q3f.jpg","iconurl":"https://tva1.sinaimg.cn/crop.17.13.195.195.50/624c6377gw1f2o7dkri5nj206d05vq38.jpg?Expires=1562933720&ssig=n6XfDB4vgz&KID=imgbed,tva","icontitle":"每日经济新闻","time":"今天 06:55","createtime":"2019-07-12T11:28:10.000Z","createtimestring":"1562930890214"},{"id":18719,"url":"https://weibo.com/ttarticle/p/show?id=2309404393167909683269","title":"陈乔恩隐瞒了5年，终于说出与古天乐分手的真实原因，网友：心痛","titleurl":"https://weibo.com/ttarticle/p/show?id=2309404393167909683269","picurl":"https://wx4.sinaimg.cn/crop.16.0.613.460.240/006CYf7cly4g4s59lxv8dj30hx0cs0th.jpg","iconurl":"https://tvax4.sinaimg.cn/crop.216.22.568.568.50/00668Uhyly8fl76b07hm5j30sg0lcwm3.jpg?Expires=1562933720&ssig=UdStbRDkhy&KID=imgbed,tva","icontitle":"希诗雅","time":"今天 09:51","createtime":"2019-07-12T11:28:10.000Z","createtimestring":"1562930890212"},{"id":18712,"url":"https://weibo.com/ttarticle/p/show?id=2309404393155985277047","title":"刚出道就被张默暴打，人称小章子怡今演《如懿传》时隔多年真相曝光！","titleurl":"https://weibo.com/ttarticle/p/show?id=2309404393155985277047","picurl":"https://wx4.sinaimg.cn/crop.0.0.640.480.240/006yri4Aly4g4w16eqvg1j30hs0ddq6p.jpg","iconurl":"https://tvax2.sinaimg.cn/crop.0.0.700.700.50/006yri4Aly8g4vveyqs4yj30jg0jgadb.jpg?Expires=1562933720&ssig=XNIfAoiw6z&KID=imgbed,tva","icontitle":"汤崖豪谜料","time":"今天 09:04","createtime":"2019-07-12T11:27:10.000Z","createtimestring":"1562930830296"},{"id":18714,"url":"https://weibo.com/ttarticle/p/show?id=2309404393169365106796","title":"被认为“不接地气”，“三门干部”在基层频频“踩雷”","titleurl":"https://weibo.com/ttarticle/p/show?id=2309404393169365106796","picurl":"https://wx1.sinaimg.cn/crop.25.0.1029.772.240/8a2dedddly4g4wtggv3eaj20u00lg0to.jpg","iconurl":"https://tvax1.sinaimg.cn/crop.0.0.512.512.50/8a2dedddly8fyftocn66gj20e80e8weo.jpg?Expires=1562933720&ssig=Hm91WwhLxs&KID=imgbed,tva","icontitle":"半月谈杂志社","time":"今天 09:57","createtime":"2019-07-12T11:27:10.000Z","createtimestring":"1562930830294"},{"id":18711,"url":"https://weibo.com/ttarticle/p/show?id=2309404393177279758478","title":"【双语】例行记者会/RegularPressConference(2019-07-11)","titleurl":"https://weibo.com/ttarticle/p/show?id=2309404393177279758478","picurl":"https://wx4.sinaimg.cn/crop.25.0.449.337.240/007Kss1jly1g4wu7vnk2bj30dw09ddme.jpg","iconurl":"https://tvax2.sinaimg.cn/crop.0.1.531.531.50/007Kss1jly1g2i58e2v30j30eu0euq4e.jpg?Expires=1562933720&ssig=OdJj7wtwwI&KID=imgbed,tva","icontitle":"外交部发言人办公室","time":"今天 10:29","createtime":"2019-07-12T11:27:10.000Z","createtimestring":"1562930830292"},{"id":18717,"url":"https://weibo.com/ttarticle/p/show?id=2309404393174654124074","title":"消失的镇江八旗——京口驻防旗营史话","titleurl":"https://weibo.com/ttarticle/p/show?id=2309404393174654124074","picurl":"https://wx2.sinaimg.cn/crop.0.108.1080.810.240/640dfa71ly4g4wu29h89pj20u00u0aox.jpg","iconurl":"https://tvax3.sinaimg.cn/crop.0.0.1002.1002.50/640dfa71ly8fw52vnrv0vj20ru0ru0tm.jpg?Expires=1562933720&ssig=my37wB55hN&KID=imgbed,tva","icontitle":"那木图","time":"今天 10:18","createtime":"2019-07-12T11:27:10.000Z","createtimestring":"1562930830290"},{"id":18708,"url":"https://weibo.com/ttarticle/p/show?id=2309404393187895541850","title":"国际大师操刀设计成都高新区将再添6座世界级高品质大桥","titleurl":"https://weibo.com/ttarticle/p/show?id=2309404393187895541850","picurl":"https://wx4.sinaimg.cn/crop.176.0.1048.786.240/7a859ad3gy1g4wvdv92qbj212w0lunpd.jpg","iconurl":"https://tva4.sinaimg.cn/crop.0.0.180.180.50/7a859ad3jw1e8qgp5bmzyj2050050aa8.jpg?Expires=1562933720&ssig=GXhi7GjBFQ&KID=imgbed,tva","icontitle":"成都高新","time":"今天 11:11","createtime":"2019-07-12T11:27:10.000Z","createtimestring":"1562930830288"},{"id":18710,"url":"https://weibo.com/ttarticle/p/show?id=2309404393188570824812","title":"太阳白羊座金星水瓶座","titleurl":"https://weibo.com/ttarticle/p/show?id=2309404393188570824812","picurl":"https://wx3.sinaimg.cn/crop.125.0.749.562.240/4d434019gy1g4wuwsdntzj20rs0fm0uu.jpg","iconurl":"https://tva2.sinaimg.cn/crop.5.65.434.434.50/4d434019jw8ezy6ofu0tej20c80lqq50.jpg?Expires=1562933720&ssig=YbEHo6cfC3&KID=imgbed,tva","icontitle":"黄现TerryEvevol","time":"今天 11:13","createtime":"2019-07-12T11:27:10.000Z","createtimestring":"1562930830285"},{"id":18707,"url":"https://weibo.com/ttarticle/p/show?id=2309404393239909105733","title":"浙江失联女童家属：租客手机所发数字疑似女童发出","titleurl":"https://weibo.com/ttarticle/p/show?id=2309404393239909105733","picurl":"https://wx2.sinaimg.cn/crop.0.60.450.337.240/620beb06ly4g4x1oe98uoj20ci0godhd.jpg","iconurl":"https://tvax1.sinaimg.cn/crop.0.0.500.500.50/620beb06ly8g26snj69ntj20dw0dwgn2.jpg?Expires=1562933720&ssig=TZzvaRpGUj&KID=imgbed,tva","icontitle":"北京头条","time":"今天 14:37","createtime":"2019-07-12T11:27:10.000Z","createtimestring":"1562930830284"},{"id":18709,"url":"https://weibo.com/ttarticle/p/show?id=2309404393174679289919","title":"杭州10岁女童离奇失踪：我拼尽全力，还是输给了生活！","titleurl":"https://weibo.com/ttarticle/p/show?id=2309404393174679289919","picurl":"https://wx2.sinaimg.cn/crop.225.0.190.143.240/007pqJ5vly4g4s8oi1exyj30hs03z0rs.jpg","iconurl":"https://tva2.sinaimg.cn/crop.9.0.502.502.50/e8788f29jw8f53stq3pzuj20e80e8753.jpg?Expires=1562933720&ssig=YSIc6%2FlFLe&KID=imgbed,tva","icontitle":"不二大叔说","time":"今天 10:18","createtime":"2019-07-12T11:27:10.000Z","createtimestring":"1562930830281"}]
[2019-07-15T19:56:15.394] [INFO] info - 传入的参数：url=[https://weibo.com/ttarticle/p/show?id=2309404393239909105733]  请求接口：[/weibohotDetails/loadhtml]  sql：[select  * from details where url = "https://weibo.com/ttarticle/p/show?id=2309404393239909105733" LIMIT 1]
[2019-07-15T19:57:10.175] [INFO] info - 第1条数据
[2019-07-15T19:57:10.175] [INFO] info - https://weibo.com/ttarticle/p/show?id=2309404394005101150396
[2019-07-15T19:57:10.175] [INFO] info - https://wx1.sinaimg.cn/crop.160.0.1280.960.240/722e7314ly1fws7g4rv8pj218g0qoaez.jpg
[2019-07-15T19:57:10.175] [INFO] info - 关于留学生一文的一点补充和声明
[2019-07-15T19:57:10.175] [INFO] info - https://weibo.com/ttarticle/p/show?id=2309404394005101150396
[2019-07-15T19:57:10.175] [INFO] info - https://tvax4.sinaimg.cn/crop.0.0.1516.1516.50/722e7314ly8fpy75k6gu7j2164164na1.jpg?Expires=1563194716&ssig=TnYik21%2FZ1&KID=imgbed,tva
[2019-07-15T19:57:10.175] [INFO] info - 王磊荣
[2019-07-15T19:57:10.175] [INFO] info - 7月14日 17:18
[2019-07-15T19:57:10.175] [INFO] info - 

[2019-07-15T19:57:10.175] [INFO] info - 第2条数据
[2019-07-15T19:57:10.175] [INFO] info - https://weibo.com/ttarticle/p/show?id=2309404394076685336862
[2019-07-15T19:57:10.175] [INFO] info - https://wx3.sinaimg.cn/crop.183.0.533.400.240/bb1f8f33ly4g4x5l74x6xj20p00b4myf.jpg
[2019-07-15T19:57:10.175] [INFO] info - 周运：12星座一周运势（7月15日-7月21日）
[2019-07-15T19:57:10.175] [INFO] info - https://weibo.com/ttarticle/p/show?id=2309404394076685336862
[2019-07-15T19:57:10.175] [INFO] info - https://tva3.sinaimg.cn/crop.0.0.552.552.50/bb1f8f33jw8f7rw9oaft4j21kw0fc0z8.jpg?Expires=1563194716&ssig=RMjzYY%2B0HT&KID=imgbed,tva
[2019-07-15T19:57:10.175] [INFO] info - 星座不求人
[2019-07-15T19:57:10.190] [INFO] info - 7月14日 22:03
[2019-07-15T19:57:10.190] [INFO] info - 

[2019-07-15T19:57:10.190] [INFO] info - 第3条数据
[2019-07-15T19:57:10.190] [INFO] info - https://weibo.com/ttarticle/p/show?id=2309404393869595770941
[2019-07-15T19:57:10.190] [INFO] info - https://wx3.sinaimg.cn/crop.72.0.576.432.240/007n0muWly1g4z23lc3d8j30k00c0gls.jpg
[2019-07-15T19:57:10.190] [INFO] info - 人际讲分寸
[2019-07-15T19:57:10.190] [INFO] info - https://weibo.com/ttarticle/p/show?id=2309404393869595770941
[2019-07-15T19:57:10.190] [INFO] info - https://tvax3.sinaimg.cn/crop.0.0.512.512.50/007n0muWly8fw3e4d9qsij30e80e8glq.jpg?Expires=1563194716&ssig=t8MglRcHxv&KID=imgbed,tva
[2019-07-15T19:57:10.190] [INFO] info - 易智财通
[2019-07-15T19:57:10.190] [INFO] info - 7月14日 08:20
[2019-07-15T19:57:10.190] [INFO] info - 

[2019-07-15T19:57:10.190] [INFO] info - 第4条数据
[2019-07-15T19:57:10.190] [INFO] info - https://weibo.com/ttarticle/p/show?id=2309404393880140251176
[2019-07-15T19:57:10.190] [INFO] info - https://wx4.sinaimg.cn/crop.51.0.498.374.240/007KZzhcly4g4yc3lp64fj30go0aemy5.jpg
[2019-07-15T19:57:10.190] [INFO] info - 5位女星和女儿的合照，一眼能看出整没整容，最后一个笑的肚子疼
[2019-07-15T19:57:10.190] [INFO] info - https://weibo.com/ttarticle/p/show?id=2309404393880140251176
[2019-07-15T19:57:10.190] [INFO] info - https://tvax2.sinaimg.cn/crop.105.0.338.338.50/007KZzhcly8g3jq9v5wguj30go09eq3h.jpg?Expires=1563194716&ssig=Ph%2FmhWMhnO&KID=imgbed,tva
[2019-07-15T19:57:10.190] [INFO] info - 夏王影视
[2019-07-15T19:57:10.190] [INFO] info - 7月14日 09:02
[2019-07-15T19:57:10.190] [INFO] info - 

[2019-07-15T19:57:10.190] [INFO] info - 第5条数据
[2019-07-15T19:57:10.190] [INFO] info - https://weibo.com/ttarticle/p/show?id=2309404394055244054578
[2019-07-15T19:57:10.190] [INFO] info - https://wx1.sinaimg.cn/crop.0.53.440.330.240/006WEmYmly4g4znap8u53j30c80ezabc.jpg
[2019-07-15T19:57:10.190] [INFO] info - 没结婚，没抑郁，但真的太招黑了
[2019-07-15T19:57:10.190] [INFO] info - https://weibo.com/ttarticle/p/show?id=2309404394055244054578
[2019-07-15T19:57:10.190] [INFO] info - https://tvax4.sinaimg.cn/crop.0.0.500.500.50/006WEmYmly8g4sm7vyqe5j30dw0dw47h.jpg?Expires=1563194716&ssig=JvstDATSJv&KID=imgbed,tva
[2019-07-15T19:57:10.190] [INFO] info - 瓜酱每日爆料
[2019-07-15T19:57:10.190] [INFO] info - 7月14日 20:37
[2019-07-15T19:57:10.190] [INFO] info - 

[2019-07-15T19:57:10.190] [INFO] info - 第6条数据
[2019-07-15T19:57:10.190] [INFO] info - https://weibo.com/ttarticle/p/show?id=2309404393529743900863
[2019-07-15T19:57:10.190] [INFO] info - https://wx3.sinaimg.cn/crop.23.0.594.446.240/006ZubTwgy1g4zkx6ib1oj30hs0ceabb.jpg
[2019-07-15T19:57:10.190] [INFO] info - 那个奋不顾身为马云挡子弹的人，如今怎么样了？
[2019-07-15T19:57:10.190] [INFO] info - https://weibo.com/ttarticle/p/show?id=2309404393529743900863
[2019-07-15T19:57:10.190] [INFO] info - https://tvax2.sinaimg.cn/crop.0.0.1080.1080.50/006ZubTwly8g21vgivof1j30u00u00ux.jpg?Expires=1563194716&ssig=kZPT5zZEi%2F&KID=imgbed,tva
[2019-07-15T19:57:10.190] [INFO] info - 啊里巴巴
[2019-07-15T19:57:10.190] [INFO] info - 7月13日 09:49
[2019-07-15T19:57:10.190] [INFO] info - 

[2019-07-15T19:57:10.190] [INFO] info - 第7条数据
[2019-07-15T19:57:10.190] [INFO] info - https://weibo.com/ttarticle/p/show?id=2309404393977028673572
[2019-07-15T19:57:10.190] [INFO] info - https://wx4.sinaimg.cn/crop.152.0.929.697.240/006s2MHPly1g4z71j3zarj30ya0jdaxh.jpg
[2019-07-15T19:57:10.190] [INFO] info - 泳坛名将孙杨砸碎血液样本报告澳媒公开
[2019-07-15T19:57:10.190] [INFO] info - https://weibo.com/ttarticle/p/show?id=2309404393977028673572
[2019-07-15T19:57:10.190] [INFO] info - https://tva4.sinaimg.cn/crop.0.0.40.40.50/006s2MHPjw8f3dmhad5u3j3014014741.jpg?Expires=1563194716&ssig=%2F1Gm7TC61g&KID=imgbed,tva
[2019-07-15T19:57:10.190] [INFO] info - Countrycat
[2019-07-15T19:57:10.190] [INFO] info - 7月14日 15:27
[2019-07-15T19:57:10.190] [INFO] info - 

[2019-07-15T19:57:10.190] [INFO] info - 第8条数据
[2019-07-15T19:57:10.190] [INFO] info - https://weibo.com/ttarticle/p/show?id=2309404393961669132316
[2019-07-15T19:57:10.190] [INFO] info - https://wx3.sinaimg.cn/crop.164.0.752.564.240/005vZQ9Nly4g4zdzsntc9j30u00fo75l.jpg
[2019-07-15T19:57:10.190] [INFO] info - 扫黑除恶要在“打伞破网”上再发力再突破
[2019-07-15T19:57:10.190] [INFO] info - https://weibo.com/ttarticle/p/show?id=2309404393961669132316
[2019-07-15T19:57:10.190] [INFO] info - https://tva2.sinaimg.cn/crop.1.9.666.666.50/005vZQ9Njw1elwfqc1dquj30il0iraf1.jpg?Expires=1563194716&ssig=TlY1ZwTpsT&KID=imgbed,tva
[2019-07-15T19:57:10.190] [INFO] info - 最高人民检察院
[2019-07-15T19:57:10.190] [INFO] info - 7月14日 14:26
[2019-07-15T19:57:10.190] [INFO] info - 

[2019-07-15T19:58:10.210] [INFO] info - 第1条数据
[2019-07-15T19:58:10.210] [INFO] info - https://weibo.com/ttarticle/p/show?id=2309404393926453755928
[2019-07-15T19:58:10.210] [INFO] info - https://wx4.sinaimg.cn/crop.0.0.640.487.640/86e9562cly4g1aeypm9alg20hs0djwzz.gif
[2019-07-15T19:58:10.210] [INFO] info - 深圳“鼓浪屿”，夏日绝佳度假圣地！
[2019-07-15T19:58:10.210] [INFO] info - https://weibo.com/ttarticle/p/show?id=2309404393926453755928
[2019-07-15T19:58:10.210] [INFO] info - https://tvax1.sinaimg.cn/crop.0.0.996.996.50/86e9562cly8g3f1etmwa8j20ro0ro3yr.jpg?Expires=1563194716&ssig=HkiHOBPBwM&KID=imgbed,tva
[2019-07-15T19:58:10.210] [INFO] info - 深圳第一
[2019-07-15T19:58:10.210] [INFO] info - 7月14日 12:06
[2019-07-15T19:58:10.210] [INFO] info - 

[2019-07-15T19:58:10.210] [INFO] info - 第2条数据
[2019-07-15T19:58:10.210] [INFO] info - https://weibo.com/ttarticle/p/show?id=2309404393960343732275
[2019-07-15T19:58:10.210] [INFO] info - https://wx3.sinaimg.cn/crop.108.0.645.484.240/5edf2c94ly1g4zb1z0d6kj20ny0dg1db.jpg
[2019-07-15T19:58:10.210] [INFO] info - 章子欣之死
[2019-07-15T19:58:10.210] [INFO] info - https://weibo.com/ttarticle/p/show?id=2309404393960343732275
[2019-07-15T19:58:10.210] [INFO] info - https://tva2.sinaimg.cn/crop.0.0.299.299.50/5edf2c94gw1elwqk7yrmdj208c08cjs7.jpg?Expires=1563194716&ssig=AL4Djl304q&KID=imgbed,tva
[2019-07-15T19:58:10.210] [INFO] info - 司马3忌
[2019-07-15T19:58:10.210] [INFO] info - 7月14日 14:20
[2019-07-15T19:58:10.210] [INFO] info - 

[2019-07-15T19:58:10.225] [INFO] info - 第3条数据
[2019-07-15T19:58:10.225] [INFO] info - https://weibo.com/ttarticle/p/show?id=2309404393927917568023
[2019-07-15T19:58:10.225] [INFO] info - https://wx3.sinaimg.cn/crop.0.1637.744.558.240/5df6c829gy1g4z7qg4m9jj20kocmwu1b.jpg
[2019-07-15T19:58:10.225] [INFO] info - 流量女演员的变形计《欺星客栈》Act1234悠享版
[2019-07-15T19:58:10.225] [INFO] info - https://weibo.com/ttarticle/p/show?id=2309404393927917568023
[2019-07-15T19:58:10.225] [INFO] info - https://tvax1.sinaimg.cn/crop.0.0.511.511.50/5df6c829ly8g09c4miz5rj20e70e83zb.jpg?Expires=1563194716&ssig=RSRJFeLfK%2B&KID=imgbed,tva
[2019-07-15T19:58:10.225] [INFO] info - 抽纸小jin
[2019-07-15T19:58:10.225] [INFO] info - 7月14日 12:11
[2019-07-15T19:58:10.225] [INFO] info - 

[2019-07-15T19:58:10.225] [INFO] info - 第4条数据
[2019-07-15T19:58:10.225] [INFO] info - https://weibo.com/ttarticle/p/show?id=2309404393916370649119
[2019-07-15T19:58:10.225] [INFO] info - https://wx2.sinaimg.cn/crop.213.0.853.640.240/005Yi053gy1g4z7fnusd8j30zk0hsdhp.jpg
[2019-07-15T19:58:10.225] [INFO] info - 华晨宇突然被cut一脸懵逼
[2019-07-15T19:58:10.225] [INFO] info - https://weibo.com/ttarticle/p/show?id=2309404393916370649119
[2019-07-15T19:58:10.225] [INFO] info - https://tvax3.sinaimg.cn/crop.0.0.996.996.50/005Yi053ly8fq1n5oc353j30ro0romyk.jpg?Expires=1563194716&ssig=wdB%2FCDWB%2BU&KID=imgbed,tva
[2019-07-15T19:58:10.225] [INFO] info - 娱闻少女
[2019-07-15T19:58:10.225] [INFO] info - 7月14日 11:26
[2019-07-15T19:58:10.225] [INFO] info - 

[2019-07-15T19:58:10.225] [INFO] info - 第5条数据
[2019-07-15T19:58:10.225] [INFO] info - https://weibo.com/ttarticle/p/show?id=2309404393945185517638
[2019-07-15T19:58:10.225] [INFO] info - https://wx1.sinaimg.cn/crop.35.0.893.670.240/006Xg9bcly1g4zaqql8dej30qr0im3z2.jpg
[2019-07-15T19:58:10.225] [INFO] info - 浙江女童案，难以还原的一些真相
[2019-07-15T19:58:10.225] [INFO] info - https://weibo.com/ttarticle/p/show?id=2309404393945185517638
[2019-07-15T19:58:10.225] [INFO] info - https://tvax1.sinaimg.cn/crop.0.0.751.751.50/006Xg9bcly8g1pg3lea3uj30kv0kvjta.jpg?Expires=1563194716&ssig=v21MFfdvWy&KID=imgbed,tva
[2019-07-15T19:58:10.225] [INFO] info - x京房
[2019-07-15T19:58:10.225] [INFO] info - 7月14日 13:20
[2019-07-15T19:58:10.225] [INFO] info - 

[2019-07-15T19:58:10.225] [INFO] info - 第6条数据
[2019-07-15T19:58:10.225] [INFO] info - https://weibo.com/ttarticle/p/show?id=2309404393915364016251
[2019-07-15T19:58:10.225] [INFO] info - https://wx1.sinaimg.cn/crop.72.0.576.432.240/005Fnkbpgy1g4z76ha2juj30k00c03zh.jpg
[2019-07-15T19:58:10.225] [INFO] info - 御三是什么？
[2019-07-15T19:58:10.225] [INFO] info - https://weibo.com/ttarticle/p/show?id=2309404393915364016251
[2019-07-15T19:58:10.225] [INFO] info - https://tvax2.sinaimg.cn/crop.0.0.664.664.50/005Fnkbply8g2jetladppj30ig0igabe.jpg?Expires=1563194716&ssig=i6ej471%2Fs9&KID=imgbed,tva
[2019-07-15T19:58:10.225] [INFO] info - 叫我阿口
[2019-07-15T19:58:10.225] [INFO] info - 7月14日 11:22
[2019-07-15T19:58:10.225] [INFO] info - 

[2019-07-15T19:58:10.225] [INFO] info - 第7条数据
[2019-07-15T19:58:10.225] [INFO] info - https://weibo.com/ttarticle/p/show?id=2309404393955394453603
[2019-07-15T19:58:10.225] [INFO] info - https://wx4.sinaimg.cn/crop.0.143.1080.810.240/9e5389bbly4g4zbpdaibfj20u013qgo1.jpg
[2019-07-15T19:58:10.225] [INFO] info - 百度的这番操作惹了众怒，网友：what′syourproblem？
[2019-07-15T19:58:10.225] [INFO] info - https://weibo.com/ttarticle/p/show?id=2309404393955394453603
[2019-07-15T19:58:10.225] [INFO] info - https://tvax4.sinaimg.cn/crop.0.13.367.367.50/9e5389bbly8g1qxioowd3j20a70al77y.jpg?Expires=1563194716&ssig=LGcpbqlS9J&KID=imgbed,tva
[2019-07-15T19:58:10.225] [INFO] info - 央视新闻
[2019-07-15T19:58:10.225] [INFO] info - 7月14日 14:01
[2019-07-15T19:58:10.225] [INFO] info - 

[2019-07-15T19:58:10.225] [INFO] info - 第8条数据
[2019-07-15T19:58:10.225] [INFO] info - https://weibo.com/ttarticle/p/show?id=2309404393900738478147
[2019-07-15T19:58:10.225] [INFO] info - https://wx3.sinaimg.cn/crop.110.0.860.645.240/006C3CYZly4g4z5es8cwlj30u00hxq4b.jpg
[2019-07-15T19:58:10.225] [INFO] info - 生态环境部一周要闻（7.7-7.13）
[2019-07-15T19:58:10.225] [INFO] info - https://weibo.com/ttarticle/p/show?id=2309404393900738478147
[2019-07-15T19:58:10.225] [INFO] info - https://tvax1.sinaimg.cn/crop.0.0.180.180.50/006C3CYZly8fpmipe9b4sj3050050mxd.jpg?Expires=1563194716&ssig=GrUoSw4QqL&KID=imgbed,tva
[2019-07-15T19:58:10.225] [INFO] info - 生态环境部
[2019-07-15T19:58:10.225] [INFO] info - 7月14日 10:23
[2019-07-15T19:58:10.225] [INFO] info - 

